<?xml version="1.0" encoding="UTF-8"?>
<!-- Generated by org.testng.reporters.JUnitXMLReporter -->
<testsuite ignored="1" hostname="LAPTOP-UCD955FI" failures="0" tests="7" name="GroupsTest" time="0.068" errors="0" timestamp="2022-08-03T18:59:51 IST">
  <testcase classname="com.aspire.framework.Groups.Grouping" name="m1" time="0.01"/>
  <testcase classname="com.aspire.framework.Groups.Grouping" name="m2" time="0.002"/>
  <testcase classname="com.aspire.framework.Groups.Grouping" name="m3" time="0.001"/>
  <testcase classname="com.aspire.framework.Groups.Grouping" name="m4" time="0.001"/>
  <testcase classname="com.aspire.framework.Groups.Grouping" name="m6" time="0.001"/>
  <testcase classname="com.aspire.framework.Groups.Grouping" name="m7" time="0.001"/>
  <testcase classname="com.aspire.framework.Groups.Grouping" name="m8" time="0.001"/>
  <testcase classname="com.aspire.framework.Groups.Grouping" name="m5" time="0.0">
    <ignored/>
  </testcase> <!-- m5 -->
</testsuite> <!-- GroupsTest -->
