<?xml version="1.0" encoding="UTF-8"?>
<!-- Generated by org.testng.reporters.JUnitXMLReporter -->
<testsuite ignored="3" hostname="LAPTOP-UCD955FI" failures="0" tests="1" name="Test_SkipTC" time="7.814" errors="0" timestamp="2022-08-03T18:40:44 IST">
  <testcase classname="com.aspire.framework.FailedXml_SkipTC.SkipTestCases" name="m4" time="0.01"/>
  <testcase classname="com.aspire.framework.FailedXml_SkipTC.SkipTestCases" name="m1" time="0.0">
    <ignored/>
  </testcase> <!-- m1 -->
  <testcase classname="com.aspire.framework.FailedXml_SkipTC.SkipTestCases" name="m2" time="0.0">
    <ignored/>
  </testcase> <!-- m2 -->
  <testcase classname="com.aspire.framework.FailedXml_SkipTC.SkipTestCases" name="m3" time="0.0">
    <ignored/>
  </testcase> <!-- m3 -->
</testsuite> <!-- Test_SkipTC -->
